2013-12-23 18:43:23 Error: [MissingControllerException] Controller class CakephpController could not be found.
Exception Attributes: array (
  'class' => 'CakephpController',
  'plugin' => NULL,
)
Request URL: /cakephp/index.php/cakephp/
Stack Trace:
#0 /home/avoliva/personal/cakephp/app/webroot/index.php(108): Dispatcher->dispatch(Object(CakeRequest), Object(CakeResponse))
#1 /home/avoliva/personal/cakephp/index.php(41): require('/home/avoliva/p...')
#2 {main}
2013-12-23 18:43:33 Error: [PDOException] SQLSTATE[42000]: Syntax error or access violation: 1064 You have an error in your SQL syntax; check the manual that corresponds to your MySQL server version for the right syntax to use near 'generatetreelist' at line 1
Request URL: /cakephp/index.php/Categories
Stack Trace:
#0 /home/avoliva/personal/cakephp/lib/Cake/Model/Datasource/DboSource.php(458): PDOStatement->execute(Array)
#1 /home/avoliva/personal/cakephp/lib/Cake/Model/Datasource/DboSource.php(424): DboSource->_execute('generatetreelis...', Array)
#2 /home/avoliva/personal/cakephp/lib/Cake/Model/Datasource/DboSource.php(665): DboSource->execute('generatetreelis...', Array, Array)
#3 /home/avoliva/personal/cakephp/lib/Cake/Model/Datasource/DboSource.php(609): DboSource->fetchAll('generatetreelis...', Array, Array)
#4 /home/avoliva/personal/cakephp/lib/Cake/Model/Model.php(800): DboSource->query('generatetreelis...', Array, Object(Category))
#5 /home/avoliva/personal/cakephp/app/Controller/CategoriesController.php(7): Model->__call('generatetreelis...', Array)
#6 /home/avoliva/personal/cakephp/app/Controller/CategoriesController.php(7): Category->generatetreelist(NULL, NULL, NULL, '&nbsp;&nbsp;&nb...')
#7 [internal function]: CategoriesController->index()
#8 /home/avoliva/personal/cakephp/lib/Cake/Controller/Controller.php(490): ReflectionMethod->invokeArgs(Object(CategoriesController), Array)
#9 /home/avoliva/personal/cakephp/lib/Cake/Routing/Dispatcher.php(185): Controller->invokeAction(Object(CakeRequest))
#10 /home/avoliva/personal/cakephp/lib/Cake/Routing/Dispatcher.php(160): Dispatcher->_invoke(Object(CategoriesController), Object(CakeRequest), Object(CakeResponse))
#11 /home/avoliva/personal/cakephp/app/webroot/index.php(108): Dispatcher->dispatch(Object(CakeRequest), Object(CakeResponse))
#12 /home/avoliva/personal/cakephp/index.php(41): require('/home/avoliva/p...')
#13 {main}
2013-12-23 18:44:07 Error: [MissingViewException] View file "/home/avoliva/personal/cakephp/app/View/Categories/index.ctp" is missing.
Exception Attributes: array (
  'file' => '/home/avoliva/personal/cakephp/app/View/Categories/index.ctp',
)
Request URL: /cakephp/index.php/Categories
Stack Trace:
#0 /home/avoliva/personal/cakephp/lib/Cake/View/View.php(457): View->_getViewFileName(NULL)
#1 /home/avoliva/personal/cakephp/lib/Cake/Controller/Controller.php(952): View->render(NULL, NULL)
#2 /home/avoliva/personal/cakephp/lib/Cake/Routing/Dispatcher.php(192): Controller->render()
#3 /home/avoliva/personal/cakephp/lib/Cake/Routing/Dispatcher.php(160): Dispatcher->_invoke(Object(CategoriesController), Object(CakeRequest), Object(CakeResponse))
#4 /home/avoliva/personal/cakephp/app/webroot/index.php(108): Dispatcher->dispatch(Object(CakeRequest), Object(CakeResponse))
#5 /home/avoliva/personal/cakephp/index.php(41): require('/home/avoliva/p...')
#6 {main}
2013-12-23 18:44:29 Error: Fatal Error (1): Call to a member function link() on a non-object in [/home/avoliva/personal/cakephp/app/View/Categories/index.ctp, line 2]
2013-12-23 18:44:29 Error: [FatalErrorException] Call to a member function link() on a non-object
Request URL: /cakephp/index.php/Categories
Stack Trace:
#0 /home/avoliva/personal/cakephp/lib/Cake/Error/ErrorHandler.php(203): ErrorHandler::handleFatalError(1, 'Call to a membe...', '/home/avoliva/p...', 2)
#1 [internal function]: ErrorHandler::handleError(1, 'Call to a membe...', '/home/avoliva/p...', 2, Array)
#2 /home/avoliva/personal/cakephp/lib/Cake/Core/App.php(929): call_user_func('ErrorHandler::h...', 1, 'Call to a membe...', '/home/avoliva/p...', 2, Array)
#3 /home/avoliva/personal/cakephp/lib/Cake/Core/App.php(902): App::_checkFatalError()
#4 [internal function]: App::shutdown()
#5 {main}
